# JRE version: OpenJDK Runtime Environment (8.0_242-b01) (build 1.8.0_242-release-1644-b01)
# Java VM: OpenJDK 64-Bit Server VM (25.242-b01 mixed mode windows-amd64 compressed oops)
Heap:
 PSYoungGen      total 147456K, used 120903K [0x00000000d5580000, 0x00000000df980000, 0x0000000100000000)
  eden space 139264K, 80% used [0x00000000d5580000,0x00000000dc399e18,0x00000000ddd80000)
  from space 8192K, 99% used [0x00000000df180000,0x00000000df978030,0x00000000df980000)
  to   space 14336K, 0% used [0x00000000ddd80000,0x00000000ddd80000,0x00000000deb80000)
 ParOldGen       total 95744K, used 25937K [0x0000000080000000, 0x0000000085d80000, 0x00000000d5580000)
  object space 95744K, 27% used [0x0000000080000000,0x0000000081954660,0x0000000085d80000)
 Metaspace       used 50596K, capacity 52840K, committed 52992K, reserved 1095680K
  class space    used 6719K, capacity 7150K, committed 7168K, reserved 1048576K
GC Heap History (10 events):
Event: 7.953 GC heap before
{Heap before GC invocations=12 (full 2):
 PSYoungGen      total 117248K, used 104448K [0x00000000d5580000, 0x00000000dff80000, 0x0000000100000000)
  eden space 104448K, 100% used [0x00000000d5580000,0x00000000dbb80000,0x00000000dbb80000)
  from space 12800K, 0% used [0x00000000dbb80000,0x00000000dbb80000,0x00000000dc800000)
  to   space 14336K, 0% used [0x00000000df180000,0x00000000df180000,0x00000000dff80000)
 ParOldGen       total 95744K, used 13287K [0x0000000080000000, 0x0000000085d80000, 0x00000000d5580000)
  object space 95744K, 13% used [0x0000000080000000,0x0000000080cf9f88,0x0000000085d80000)
 Metaspace       used 36345K, capacity 37496K, committed 37632K, reserved 1081344K
  class space    used 4818K, capacity 5096K, committed 5120K, reserved 1048576K
Event: 7.957 GC heap after
Heap after GC invocations=12 (full 2):
 PSYoungGen      total 147456K, used 5360K [0x00000000d5580000, 0x00000000df980000, 0x0000000100000000)
  eden space 139264K, 0% used [0x00000000d5580000,0x00000000d5580000,0x00000000ddd80000)
  from space 8192K, 65% used [0x00000000df180000,0x00000000df6bc2a8,0x00000000df980000)
  to   space 14336K, 0% used [0x00000000ddd80000,0x00000000ddd80000,0x00000000deb80000)
 ParOldGen       total 95744K, used 13295K [0x0000000080000000, 0x0000000085d80000, 0x00000000d5580000)
  object space 95744K, 13% used [0x0000000080000000,0x0000000080cfbf88,0x0000000085d80000)
 Metaspace       used 36345K, capacity 37496K, committed 37632K, reserved 1081344K
  class space    used 4818K, capacity 5096K, committed 5120K, reserved 1048576K
}
Event: 8.883 GC heap before
{Heap before GC invocations=13 (full 2):
 PSYoungGen      total 147456K, used 144624K [0x00000000d5580000, 0x00000000df980000, 0x0000000100000000)
  eden space 139264K, 100% used [0x00000000d5580000,0x00000000ddd80000,0x00000000ddd80000)
  from space 8192K, 65% used [0x00000000df180000,0x00000000df6bc2a8,0x00000000df980000)
  to   space 14336K, 0% used [0x00000000ddd80000,0x00000000ddd80000,0x00000000deb80000)
 ParOldGen       total 95744K, used 13295K [0x0000000080000000, 0x0000000085d80000, 0x00000000d5580000)
  object space 95744K, 13% used [0x0000000080000000,0x0000000080cfbf88,0x0000000085d80000)
 Metaspace       used 36345K, capacity 37496K, committed 37632K, reserved 1081344K
  class space    used 4818K, capacity 5096K, committed 5120K, reserved 1048576K
Event: 8.889 GC heap after
Heap after GC invocations=13 (full 2):
 PSYoungGen      total 153600K, used 4539K [0x00000000d5580000, 0x00000000df980000, 0x0000000100000000)
  eden space 139264K, 0% used [0x00000000d5580000,0x00000000d5580000,0x00000000ddd80000)
  from space 14336K, 31% used [0x00000000ddd80000,0x00000000de1eee18,0x00000000deb80000)
  to   space 8192K, 0% used [0x00000000df180000,0x00000000df180000,0x00000000df980000)
 ParOldGen       total 95744K, used 16955K [0x0000000080000000, 0x0000000085d80000, 0x00000000d5580000)
  object space 95744K, 17% used [0x0000000080000000,0x000000008108ec20,0x0000000085d80000)
 Metaspace       used 36345K, capacity 37496K, committed 37632K, reserved 1081344K
  class space    used 4818K, capacity 5096K, committed 5120K, reserved 1048576K
}
Event: 9.672 GC heap before
{Heap before GC invocations=14 (full 2):
 PSYoungGen      total 153600K, used 143803K [0x00000000d5580000, 0x00000000df980000, 0x0000000100000000)
  eden space 139264K, 100% used [0x00000000d5580000,0x00000000ddd80000,0x00000000ddd80000)
  from space 14336K, 31% used [0x00000000ddd80000,0x00000000de1eee18,0x00000000deb80000)
  to   space 8192K, 0% used [0x00000000df180000,0x00000000df180000,0x00000000df980000)
 ParOldGen       total 95744K, used 16955K [0x0000000080000000, 0x0000000085d80000, 0x00000000d5580000)
  object space 95744K, 17% used [0x0000000080000000,0x000000008108ec20,0x0000000085d80000)
 Metaspace       used 36349K, capacity 37496K, committed 37632K, reserved 1081344K
  class space    used 4818K, capacity 5096K, committed 5120K, reserved 1048576K
Event: 9.676 GC heap after
Heap after GC invocations=14 (full 2):
 PSYoungGen      total 147456K, used 3972K [0x00000000d5580000, 0x00000000df980000, 0x0000000100000000)
  eden space 139264K, 0% used [0x00000000d5580000,0x00000000d5580000,0x00000000ddd80000)
  from space 8192K, 48% used [0x00000000df180000,0x00000000df561278,0x00000000df980000)
  to   space 14336K, 0% used [0x00000000ddd80000,0x00000000ddd80000,0x00000000deb80000)
 ParOldGen       total 95744K, used 21494K [0x0000000080000000, 0x0000000085d80000, 0x00000000d5580000)
  object space 95744K, 22% used [0x0000000080000000,0x00000000814fda38,0x0000000085d80000)
 Metaspace       used 36349K, capacity 37496K, committed 37632K, reserved 1081344K
  class space    used 4818K, capacity 5096K, committed 5120K, reserved 1048576K
}
Event: 10.362 GC heap before
{Heap before GC invocations=15 (full 2):
 PSYoungGen      total 147456K, used 143236K [0x00000000d5580000, 0x00000000df980000, 0x0000000100000000)
  eden space 139264K, 100% used [0x00000000d5580000,0x00000000ddd80000,0x00000000ddd80000)
  from space 8192K, 48% used [0x00000000df180000,0x00000000df561278,0x00000000df980000)
  to   space 14336K, 0% used [0x00000000ddd80000,0x00000000ddd80000,0x00000000deb80000)
 ParOldGen       total 95744K, used 21494K [0x0000000080000000, 0x0000000085d80000, 0x00000000d5580000)
  object space 95744K, 22% used [0x0000000080000000,0x00000000814fda38,0x0000000085d80000)
 Metaspace       used 36357K, capacity 37560K, committed 37632K, reserved 1081344K
  class space    used 4818K, capacity 5096K, committed 5120K, reserved 1048576K
Event: 10.369 GC heap after
Heap after GC invocations=15 (full 2):
 PSYoungGen      total 153600K, used 8399K [0x00000000d5580000, 0x00000000df980000, 0x0000000100000000)
  eden space 139264K, 0% used [0x00000000d5580000,0x00000000d5580000,0x00000000ddd80000)
  from space 14336K, 58% used [0x00000000ddd80000,0x00000000de5b3cd8,0x00000000deb80000)
  to   space 8192K, 0% used [0x00000000df180000,0x00000000df180000,0x00000000df980000)
 ParOldGen       total 95744K, used 21502K [0x0000000080000000, 0x0000000085d80000, 0x00000000d5580000)
  object space 95744K, 22% used [0x0000000080000000,0x00000000814ffa38,0x0000000085d80000)
 Metaspace       used 36357K, capacity 37560K, committed 37632K, reserved 1081344K
  class space    used 4818K, capacity 5096K, committed 5120K, reserved 1048576K
}
Event: 11.588 GC heap before
{Heap before GC invocations=16 (full 2):
 PSYoungGen      total 153600K, used 147663K [0x00000000d5580000, 0x00000000df980000, 0x0000000100000000)
  eden space 139264K, 100% used [0x00000000d5580000,0x00000000ddd80000,0x00000000ddd80000)
  from space 14336K, 58% used [0x00000000ddd80000,0x00000000de5b3cd8,0x00000000deb80000)
  to   space 8192K, 0% used [0x00000000df180000,0x00000000df180000,0x00000000df980000)
 ParOldGen       total 95744K, used 21502K [0x0000000080000000, 0x0000000085d80000, 0x00000000d5580000)
  object space 95744K, 22% used [0x0000000080000000,0x00000000814ffa38,0x0000000085d80000)
 Metaspace       used 42097K, capacity 44050K, committed 44160K, reserved 1087488K
  class space    used 5658K, capacity 6014K, committed 6016K, reserved 1048576K
Event: 11.599 GC heap after
Heap after GC invocations=16 (full 2):
 PSYoungGen      total 147456K, used 8160K [0x00000000d5580000, 0x00000000df980000, 0x0000000100000000)
  eden space 139264K, 0% used [0x00000000d5580000,0x00000000d5580000,0x00000000ddd80000)
  from space 8192K, 99% used [0x00000000df180000,0x00000000df978030,0x00000000df980000)
  to   space 14336K, 0% used [0x00000000ddd80000,0x00000000ddd80000,0x00000000deb80000)
 ParOldGen       total 95744K, used 25937K [0x0000000080000000, 0x0000000085d80000, 0x00000000d5580000)
  object space 95744K, 27% used [0x0000000080000000,0x0000000081954660,0x0000000085d80000)
 Metaspace       used 42097K, capacity 44050K, committed 44160K, reserved 1087488K
  class space    used 5658K, capacity 6014K, committed 6016K, reserved 1048576K
}

